#
# There is insufficient memory for the Java Runtime Environment to continue.
# Native memory allocation (malloc) failed to allocate 2026896 bytes for Chunk::new
# Possible reasons:
#   The system is out of physical RAM or swap space
#   The process is running with CompressedOops enabled, and the Java Heap may be blocking the growth of the native heap
# Possible solutions:
#   Reduce memory load on the system
#   Increase physical memory or swap space
#   Check if swap backing store is full
#   Decrease Java heap size (-Xmx/-Xms)
#   Decrease number of Java threads
#   Decrease Java thread stack sizes (-Xss)
#   Set larger code cache with -XX:ReservedCodeCacheSize=
#   JVM is running with Unscaled Compressed Oops mode in which the Java heap is
#     placed in the first 4GB address space. The Java Heap base address is the
#     maximum limit for the native heap growth. Please use -XX:HeapBaseMinAddress
#     to set the Java Heap base and to place the Java Heap above 4GB virtual address.
# This output file may be truncated or incomplete.
#
#  Out of Memory Error (allocation.cpp:389), pid=7844, tid=0x0000000000004738
#
# JRE version: OpenJDK Runtime Environment (8.0_242-b01) (build 1.8.0_242-release-1644-b01)
# Java VM: OpenJDK 64-Bit Server VM (25.242-b01 mixed mode windows-amd64 compressed oops)
# Failed to write core dump. Minidumps are not enabled by default on client versions of Windows
#

---------------  T H R E A D  ---------------

Current thread (0x000000001a315000):  JavaThread "C2 CompilerThread0" daemon [_thread_in_native, id=18232, stack(0x000000001abe0000,0x000000001ace0000)]

Stack: [0x000000001abe0000,0x000000001ace0000]
[error occurred during error reporting (printing stack bounds), id 0xc0000005]

Native frames: (J=compiled Java code, j=interpreted, Vv=VM code, C=native code)


Current CompileTask:
C2:2273847 12623   !   4       java.io.ObjectInputStream::readObject0 (671 bytes)


---------------  P R O C E S S  ---------------

Java Threads: ( => current thread )
  0x0000000021c4a800 JavaThread "stdout" [_thread_in_native, id=4752, stack(0x0000000032520000,0x0000000032620000)]
  0x0000000021c43000 JavaThread "stderr" [_thread_in_native, id=448, stack(0x0000000032420000,0x0000000032520000)]
  0x0000000021c4a000 JavaThread "stdout" [_thread_in_native, id=14068, stack(0x0000000032320000,0x0000000032420000)]
  0x0000000021c47800 JavaThread "stderr" [_thread_in_native, id=14156, stack(0x0000000032220000,0x0000000032320000)]
  0x0000000021c42800 JavaThread "stdout" [_thread_in_native, id=4216, stack(0x0000000032120000,0x0000000032220000)]
  0x0000000021c49000 JavaThread "stderr" [_thread_in_native, id=11520, stack(0x0000000032020000,0x0000000032120000)]
  0x0000000021c41000 JavaThread "stdout" [_thread_in_native, id=3852, stack(0x00000000319e0000,0x0000000031ae0000)]
  0x0000000021c45800 JavaThread "stderr" [_thread_in_native, id=5008, stack(0x00000000318e0000,0x00000000319e0000)]
  0x000000001c97d000 JavaThread "stdout" [_thread_in_native, id=11724, stack(0x00000000315e0000,0x00000000316e0000)]
  0x000000001c980000 JavaThread "stderr" [_thread_in_native, id=15376, stack(0x00000000313c0000,0x00000000314c0000)]
  0x000000001c97b800 JavaThread "pool-4-thread-1" [_thread_blocked, id=13900, stack(0x00000000314e0000,0x00000000315e0000)]
  0x000000001c97d800 JavaThread "MarlinRenderer Disposer" daemon [_thread_blocked, id=8008, stack(0x00000000312c0000,0x00000000313c0000)]
  0x000000001c980800 JavaThread "Java2D Disposer" daemon [_thread_blocked, id=10616, stack(0x00000000310f0000,0x00000000311f0000)]
  0x000000001c979000 JavaThread "WorkerExecutor Queue Thread 8" [_thread_blocked, id=12076, stack(0x0000000030df0000,0x0000000030ef0000)]
  0x000000001c97c000 JavaThread "WorkerExecutor Queue Thread 7" [_thread_blocked, id=17228, stack(0x0000000030cf0000,0x0000000030df0000)]
  0x000000001c97f000 JavaThread "WorkerExecutor Queue Thread 6" [_thread_blocked, id=17880, stack(0x0000000030bf0000,0x0000000030cf0000)]
  0x000000001c97a800 JavaThread "WorkerExecutor Queue Thread 5" [_thread_blocked, id=10064, stack(0x0000000030af0000,0x0000000030bf0000)]
  0x000000001c97a000 JavaThread "WorkerExecutor Queue Thread 4" [_thread_blocked, id=16824, stack(0x00000000309f0000,0x0000000030af0000)]
  0x000000001c972800 JavaThread "WorkerExecutor Queue Thread 3" [_thread_blocked, id=6788, stack(0x00000000308f0000,0x00000000309f0000)]
  0x000000001c975800 JavaThread "WorkerExecutor Queue Thread 2" [_thread_blocked, id=2800, stack(0x00000000307f0000,0x00000000308f0000)]
  0x000000001c971800 JavaThread "WorkerExecutor Queue" [_thread_blocked, id=5572, stack(0x00000000304f0000,0x00000000305f0000)]
  0x000000001c973000 JavaThread "Execution worker for ':' Thread 7" [_thread_blocked, id=15796, stack(0x00000000303f0000,0x00000000304f0000)]
  0x000000001c978800 JavaThread "Execution worker for ':' Thread 6" [_thread_blocked, id=14652, stack(0x00000000302f0000,0x00000000303f0000)]
  0x0000000020d9e000 JavaThread "Cache worker for execution history cache (C:\Users\Adnan Fahad Faizi\Desktop\York University\Courses\Winter 2021 Courses\EECS 1022\Workspace\W20-21-EECS-1022-WORKSPACE\mobile_apps\TicTacToe\.gradle\6.5\executionHistory)" [_thread_blocked, id=16220, stack(0x00000000301f0000,0x00000000302f0000)]
  0x0000000020d9d000 JavaThread "Execution worker for ':' Thread 5" [_thread_in_Java, id=14540, stack(0x00000000300f0000,0x00000000301f0000)]
  0x0000000020d9c800 JavaThread "Execution worker for ':' Thread 4" [_thread_blocked, id=6804, stack(0x000000002fff0000,0x00000000300f0000)]
  0x0000000020d9b800 JavaThread "Execution worker for ':' Thread 3" [_thread_blocked, id=1656, stack(0x000000002fef0000,0x000000002fff0000)]
  0x0000000020d98800 JavaThread "Execution worker for ':' Thread 2" [_thread_blocked, id=10736, stack(0x000000002fdf0000,0x000000002fef0000)]
  0x0000000020d9e800 JavaThread "Execution worker for ':'" [_thread_blocked, id=14460, stack(0x000000002fcf0000,0x000000002fdf0000)]
  0x0000000020d94000 JavaThread "Cache worker for file content cache (C:\Users\Adnan Fahad Faizi\Desktop\York University\Courses\Winter 2021 Courses\EECS 1022\Workspace\W20-21-EECS-1022-WORKSPACE\mobile_apps\TicTacToe\.gradle\6.5\fileContent)" [_thread_blocked, id=17540, stack(0x000000002fbf0000,0x000000002fcf0000)]
  0x0000000020d9a000 JavaThread "pool-3-thread-1" [_thread_blocked, id=12048, stack(0x000000002faf0000,0x000000002fbf0000)]
  0x0000000020d97000 JavaThread "Cache worker for Build Output Cleanup Cache (C:\Users\Adnan Fahad Faizi\Desktop\York University\Courses\Winter 2021 Courses\EECS 1022\Workspace\W20-21-EECS-1022-WORKSPACE\mobile_apps\TicTacToe\.gradle\buildOutputCleanup)" [_thread_blocked, id=14684, stack(0x000000002ddf0000,0x000000002def0000)]
  0x0000000020d95000 JavaThread "jar transforms Thread 184" [_thread_blocked, id=8128, stack(0x000000002dcf0000,0x000000002ddf0000)]
  0x0000000020d9b000 JavaThread "jar transforms Thread 183" [_thread_blocked, id=9580, stack(0x000000002c4f0000,0x000000002c5f0000)]
  0x0000000020d99800 JavaThread "jar transforms Thread 182" [_thread_blocked, id=15744, stack(0x000000002c1f0000,0x000000002c2f0000)]
  0x0000000020d98000 JavaThread "jar transforms Thread 181" [_thread_blocked, id=8140, stack(0x000000002c0f0000,0x000000002c1f0000)]
  0x0000000020d8f800 JavaThread "jar transforms Thread 180" [_thread_blocked, id=11716, stack(0x000000002bff0000,0x000000002c0f0000)]
  0x0000000020d93800 JavaThread "jar transforms Thread 179" [_thread_blocked, id=17016, stack(0x000000002bef0000,0x000000002bff0000)]
  0x0000000020d92800 JavaThread "jar transforms Thread 178" [_thread_blocked, id=10448, stack(0x000000002bdf0000,0x000000002bef0000)]
  0x0000000020d92000 JavaThread "jar transforms Thread 177" [_thread_blocked, id=7484, stack(0x000000002bcf0000,0x000000002bdf0000)]
  0x0000000020d96800 JavaThread "jar transforms Thread 176" [_thread_blocked, id=6096, stack(0x000000002bbf0000,0x000000002bcf0000)]
  0x0000000020d90800 JavaThread "jar transforms Thread 175" [_thread_blocked, id=13992, stack(0x000000002baf0000,0x000000002bbf0000)]
  0x0000000020d95800 JavaThread "jar transforms Thread 174" [_thread_blocked, id=16464, stack(0x000000002b9f0000,0x000000002baf0000)]
  0x0000000020d91000 JavaThread "jar transforms Thread 173" [_thread_blocked, id=18084, stack(0x000000002b8f0000,0x000000002b9f0000)]
  0x0000000027002800 JavaThread "jar transforms Thread 172" [_thread_blocked, id=18344, stack(0x000000002b7f0000,0x000000002b8f0000)]
  0x0000000027001800 JavaThread "jar transforms Thread 171" [_thread_blocked, id=12828, stack(0x000000002b6f0000,0x000000002b7f0000)]
  0x0000000027001000 JavaThread "jar transforms Thread 170" [_thread_blocked, id=13748, stack(0x000000002b5f0000,0x000000002b6f0000)]
  0x0000000027000000 JavaThread "jar transforms Thread 169" [_thread_blocked, id=4812, stack(0x000000002b4f0000,0x000000002b5f0000)]
  0x0000000026fff800 JavaThread "jar transforms Thread 168" [_thread_blocked, id=14628, stack(0x000000002b3f0000,0x000000002b4f0000)]
  0x0000000026ff7800 JavaThread "jar transforms Thread 167" [_thread_blocked, id=7740, stack(0x000000002b2f0000,0x000000002b3f0000)]
  0x0000000026ffe000 JavaThread "jar transforms Thread 166" [_thread_blocked, id=16684, stack(0x000000002b1f0000,0x000000002b2f0000)]
  0x0000000026ffe800 JavaThread "jar transforms Thread 165" [_thread_blocked, id=11464, stack(0x000000002b0f0000,0x000000002b1f0000)]
  0x0000000026ffd000 JavaThread "jar transforms Thread 164" [_thread_blocked, id=10060, stack(0x000000002aff0000,0x000000002b0f0000)]
  0x0000000026ffc800 JavaThread "jar transforms Thread 163" [_thread_blocked, id=15120, stack(0x000000002aef0000,0x000000002aff0000)]
  0x0000000026ffb800 JavaThread "jar transforms Thread 162" [_thread_blocked, id=9740, stack(0x000000002adf0000,0x000000002aef0000)]
  0x0000000026ff5800 JavaThread "jar transforms Thread 161" [_thread_blocked, id=764, stack(0x000000002acf0000,0x000000002adf0000)]
  0x0000000026ff4000 JavaThread "jar transforms Thread 160" [_thread_blocked, id=17988, stack(0x000000002abf0000,0x000000002acf0000)]
  0x0000000026ffa800 JavaThread "jar transforms Thread 159" [_thread_blocked, id=372, stack(0x000000002aaf0000,0x000000002abf0000)]
  0x0000000026ff3000 JavaThread "jar transforms Thread 158" [_thread_blocked, id=11332, stack(0x000000002a9f0000,0x000000002aaf0000)]
  0x0000000026ff4800 JavaThread "jar transforms Thread 157" [_thread_blocked, id=18412, stack(0x000000002a8f0000,0x000000002a9f0000)]
  0x0000000026ff6000 JavaThread "jar transforms Thread 156" [_thread_blocked, id=6808, stack(0x000000002a7f0000,0x000000002a8f0000)]
  0x0000000026ff7000 JavaThread "jar transforms Thread 155" [_thread_blocked, id=10016, stack(0x000000002a6f0000,0x000000002a7f0000)]
  0x0000000026ff9000 JavaThread "jar transforms Thread 154" [_thread_blocked, id=15144, stack(0x000000002a5f0000,0x000000002a6f0000)]
  0x0000000026ff8800 JavaThread "jar transforms Thread 153" [_thread_blocked, id=12748, stack(0x000000002a4f0000,0x000000002a5f0000)]
  0x0000000026ffa000 JavaThread "jar transforms Thread 152" [_thread_blocked, id=11952, stack(0x000000002a3f0000,0x000000002a4f0000)]
  0x000000001c8e8000 JavaThread "jar transforms Thread 151" [_thread_blocked, id=10208, stack(0x000000002a2f0000,0x000000002a3f0000)]
  0x000000001c8e6800 JavaThread "jar transforms Thread 150" [_thread_blocked, id=7192, stack(0x000000002a1f0000,0x000000002a2f0000)]
  0x000000001c8ec800 JavaThread "jar transforms Thread 149" [_thread_blocked, id=7088, stack(0x000000002a0f0000,0x000000002a1f0000)]
  0x000000001c8e5000 JavaThread "jar transforms Thread 148" [_thread_blocked, id=132, stack(0x0000000029ff0000,0x000000002a0f0000)]
  0x000000001c8ec000 JavaThread "jar transforms Thread 147" [_thread_blocked, id=15564, stack(0x0000000029ef0000,0x0000000029ff0000)]
  0x000000001c8ea800 JavaThread "jar transforms Thread 146" [_thread_blocked, id=15816, stack(0x0000000029df0000,0x0000000029ef0000)]
  0x000000001c8e9000 JavaThread "jar transforms Thread 145" [_thread_blocked, id=9748, stack(0x0000000029cf0000,0x0000000029df0000)]
  0x000000001c8e9800 JavaThread "jar transforms Thread 144" [_thread_blocked, id=3744, stack(0x0000000029bf0000,0x0000000029cf0000)]
  0x000000001c8eb000 JavaThread "jar transforms Thread 143" [_thread_blocked, id=15640, stack(0x0000000029af0000,0x0000000029bf0000)]
  0x000000001c8e7800 JavaThread "jar transforms Thread 142" [_thread_blocked, id=18292, stack(0x00000000299f0000,0x0000000029af0000)]
  0x000000001c8e3800 JavaThread "jar transforms Thread 141" [_thread_blocked, id=10404, stack(0x00000000298f0000,0x00000000299f0000)]
  0x000000001c8df000 JavaThread "jar transforms Thread 140" [_thread_blocked, id=12112, stack(0x00000000297f0000,0x00000000298f0000)]
  0x000000001c8e6000 JavaThread "jar transforms Thread 139" [_thread_blocked, id=14296, stack(0x00000000296f0000,0x00000000297f0000)]
  0x000000001c8dd800 JavaThread "jar transforms Thread 138" [_thread_blocked, id=14072, stack(0x00000000295f0000,0x00000000296f0000)]
  0x000000001c8df800 JavaThread "jar transforms Thread 137" [_thread_blocked, id=11028, stack(0x00000000294f0000,0x00000000295f0000)]
  0x000000001c8e2800 JavaThread "jar transforms Thread 136" [_thread_blocked, id=12252, stack(0x00000000293f0000,0x00000000294f0000)]
  0x000000001c8e2000 JavaThread "jar transforms Thread 135" [_thread_blocked, id=14796, stack(0x00000000292f0000,0x00000000293f0000)]
  0x000000001c8de000 JavaThread "jar transforms Thread 134" [_thread_blocked, id=17684, stack(0x00000000291f0000,0x00000000292f0000)]
  0x000000001c8e4000 JavaThread "jar transforms Thread 133" [_thread_blocked, id=2964, stack(0x00000000290f0000,0x00000000291f0000)]
  0x000000001c8e1000 JavaThread "jar transforms Thread 132" [_thread_blocked, id=5636, stack(0x0000000028ff0000,0x00000000290f0000)]
  0x000000001c8e0800 JavaThread "jar transforms Thread 131" [_thread_blocked, id=17336, stack(0x0000000028ef0000,0x0000000028ff0000)]
  0x000000001be7b800 JavaThread "jar transforms Thread 130" [_thread_blocked, id=5808, stack(0x0000000028df0000,0x0000000028ef0000)]
  0x000000001be7a000 JavaThread "jar transforms Thread 129" [_thread_blocked, id=1228, stack(0x0000000028cf0000,0x0000000028df0000)]
  0x000000001be78800 JavaThread "jar transforms Thread 128" [_thread_blocked, id=13168, stack(0x0000000028bf0000,0x0000000028cf0000)]
  0x000000001be77000 JavaThread "jar transforms Thread 127" [_thread_blocked, id=15836, stack(0x0000000028af0000,0x0000000028bf0000)]
  0x000000001be79000 JavaThread "jar transforms Thread 126" [_thread_blocked, id=17616, stack(0x00000000289f0000,0x0000000028af0000)]
  0x000000001be7a800 JavaThread "jar transforms Thread 125" [_thread_blocked, id=6360, stack(0x00000000288f0000,0x00000000289f0000)]
  0x000000001be77800 JavaThread "jar transforms Thread 124" [_thread_blocked, id=15648, stack(0x00000000287f0000,0x00000000288f0000)]
  0x000000001be6f800 JavaThread "jar transforms Thread 123" [_thread_blocked, id=2632, stack(0x00000000286f0000,0x00000000287f0000)]
  0x000000001be76000 JavaThread "jar transforms Thread 122" [_thread_blocked, id=1552, stack(0x00000000285f0000,0x00000000286f0000)]
  0x000000001be75800 JavaThread "jar transforms Thread 121" [_thread_blocked, id=15048, stack(0x00000000284f0000,0x00000000285f0000)]
  0x000000001be6e000 JavaThread "jar transforms Thread 120" [_thread_blocked, id=9232, stack(0x00000000283f0000,0x00000000284f0000)]
  0x000000001be71000 JavaThread "jar transforms Thread 119" [_thread_blocked, id=10848, stack(0x00000000282f0000,0x00000000283f0000)]
  0x000000001be74800 JavaThread "jar transforms Thread 118" [_thread_blocked, id=4848, stack(0x00000000281f0000,0x00000000282f0000)]
  0x000000001be6d000 JavaThread "jar transforms Thread 117" [_thread_blocked, id=9816, stack(0x00000000280f0000,0x00000000281f0000)]
  0x000000001be70000 JavaThread "jar transforms Thread 116" [_thread_blocked, id=4340, stack(0x0000000027ff0000,0x00000000280f0000)]
  0x000000001be74000 JavaThread "jar transforms Thread 115" [_thread_blocked, id=10916, stack(0x0000000027ef0000,0x0000000027ff0000)]
  0x000000001be6e800 JavaThread "jar transforms Thread 114" [_thread_blocked, id=10868, stack(0x0000000027df0000,0x0000000027ef0000)]
  0x000000001be6c800 JavaThread "jar transforms Thread 113" [_thread_blocked, id=17196, stack(0x0000000027cf0000,0x0000000027df0000)]
  0x000000001be73000 JavaThread "jar transforms Thread 112" [_thread_blocked, id=12972, stack(0x0000000027bf0000,0x0000000027cf0000)]
  0x000000001be72800 JavaThread "jar transforms Thread 111" [_thread_blocked, id=17740, stack(0x0000000027af0000,0x0000000027bf0000)]
  0x000000001be71800 JavaThread "jar transforms Thread 110" [_thread_blocked, id=12296, stack(0x00000000279f0000,0x0000000027af0000)]
  0x000000001a45c000 JavaThread "jar transforms Thread 109" [_thread_blocked, id=16864, stack(0x00000000256e0000,0x00000000257e0000)]
  0x000000001a45b800 JavaThread "jar transforms Thread 108" [_thread_blocked, id=11928, stack(0x0000000025370000,0x0000000025470000)]
  0x000000001a458000 JavaThread "jar transforms Thread 107" [_thread_blocked, id=980, stack(0x00000000249d0000,0x0000000024ad0000)]
  0x000000001a45d800 JavaThread "jar transforms Thread 106" [_thread_blocked, id=4168, stack(0x00000000240d0000,0x00000000241d0000)]
  0x000000001a457800 JavaThread "jar transforms Thread 105" [_thread_blocked, id=14320, stack(0x0000000023bd0000,0x0000000023cd0000)]
  0x000000001a459000 JavaThread "jar transforms Thread 104" [_thread_blocked, id=10544, stack(0x0000000023ad0000,0x0000000023bd0000)]
  0x000000001a45a800 JavaThread "jar transforms Thread 103" [_thread_blocked, id=9644, stack(0x00000000239d0000,0x0000000023ad0000)]
  0x000000001a45d000 JavaThread "jar transforms Thread 102" [_thread_blocked, id=4540, stack(0x00000000238d0000,0x00000000239d0000)]
  0x00000000218ff000 JavaThread "jar transforms Thread 101" [_thread_blocked, id=18100, stack(0x00000000225d0000,0x00000000226d0000)]
  0x00000000218fe000 JavaThread "jar transforms Thread 100" [_thread_blocked, id=14260, stack(0x00000000237d0000,0x00000000238d0000)]
  0x00000000218fd800 JavaThread "jar transforms Thread 99" [_thread_blocked, id=18176, stack(0x00000000236d0000,0x00000000237d0000)]
  0x00000000218fb000 JavaThread "jar transforms Thread 98" [_thread_blocked, id=12640, stack(0x00000000235d0000,0x00000000236d0000)]
  0x00000000218fa800 JavaThread "jar transforms Thread 97" [_thread_blocked, id=16860, stack(0x00000000234d0000,0x00000000235d0000)]
  0x00000000218fc800 JavaThread "jar transforms Thread 96" [_thread_blocked, id=14224, stack(0x00000000233d0000,0x00000000234d0000)]
  0x00000000218fc000 JavaThread "jar transforms Thread 95" [_thread_blocked, id=18356, stack(0x00000000232d0000,0x00000000233d0000)]
  0x00000000218f3000 JavaThread "jar transforms Thread 94" [_thread_blocked, id=17632, stack(0x00000000231d0000,0x00000000232d0000)]
  0x00000000218f9000 JavaThread "jar transforms Thread 93" [_thread_blocked, id=17800, stack(0x00000000230d0000,0x00000000231d0000)]
  0x00000000218f9800 JavaThread "Build operations Thread 8" [_thread_blocked, id=16720, stack(0x0000000022fd0000,0x00000000230d0000)]
  0x00000000218f8000 JavaThread "Build operations Thread 7" [_thread_blocked, id=2560, stack(0x0000000022ce0000,0x0000000022de0000)]
  0x00000000218f0800 JavaThread "Build operations Thread 6" [_thread_blocked, id=12844, stack(0x0000000022be0000,0x0000000022ce0000)]
  0x00000000218f6800 JavaThread "Build operations Thread 5" [_thread_blocked, id=8676, stack(0x0000000022ae0000,0x0000000022be0000)]
  0x0000000021a25800 JavaThread "Build operations Thread 4" [_thread_blocked, id=16104, stack(0x00000000229e0000,0x0000000022ae0000)]
  0x0000000021a22800 JavaThread "Build operations Thread 3" [_thread_blocked, id=2828, stack(0x00000000228e0000,0x00000000229e0000)]
  0x0000000021a26000 JavaThread "Build operations Thread 2" [_thread_blocked, id=15532, stack(0x00000000227e0000,0x00000000228e0000)]
  0x0000000021a21800 JavaThread "Build operations" [_thread_blocked, id=15464, stack(0x00000000226e0000,0x00000000227e0000)]
  0x0000000021a1e000 JavaThread "Cache worker for cache directory md-rule (C:\Users\Adnan Fahad Faizi\.gradle\caches\6.5\md-rule)" [_thread_blocked, id=11088, stack(0x0000000021260000,0x0000000021360000)]
  0x0000000021a23000 JavaThread "Cache worker for cache directory md-supplier (C:\Users\Adnan Fahad Faizi\.gradle\caches\6.5\md-supplier)" [_thread_blocked, id=10472, stack(0x0000000021160000,0x0000000021260000)]
  0x0000000021a24000 JavaThread "Cache worker for checksums cache (C:\Users\Adnan Fahad Faizi\Desktop\York University\Courses\Winter 2021 Courses\EECS 1022\Workspace\W20-21-EECS-1022-WORKSPACE\mobile_apps\TicTacToe\.gradle\checksums)" [_thread_blocked, id=13640, stack(0x0000000021060000,0x0000000021160000)]
  0x0000000021a24800 JavaThread "Cache worker for file hash cache (C:\Users\Adnan Fahad Faizi\Desktop\York University\Courses\Winter 2021 Courses\EECS 1022\Workspace\W20-21-EECS-1022-WORKSPACE\mobile_apps\TicTacToe\.gradle\6.5\fileHashes)" [_thread_blocked, id=11208, stack(0x0000000020f60000,0x0000000021060000)]
  0x0000000021a1a000 JavaThread "Thread-134" [_thread_blocked, id=1404, stack(0x000000001d7f0000,0x000000001d8f0000)]
  0x0000000021a20000 JavaThread "Stdin handler" [_thread_blocked, id=15580, stack(0x000000001d4f0000,0x000000001d5f0000)]
  0x0000000021a1f800 JavaThread "Asynchronous log dispatcher for DefaultDaemonConnection: socket connection from /127.0.0.1:65403 to /127.0.0.1:51003" [_thread_blocked, id=17332, stack(0x000000001d3f0000,0x000000001d4f0000)]
  0x0000000021a21000 JavaThread "Daemon worker Thread 2" [_thread_blocked, id=12856, stack(0x000000001cff0000,0x000000001d0f0000)]
  0x0000000021a1e800 JavaThread "Cancel handler" [_thread_blocked, id=10668, stack(0x000000001cef0000,0x000000001cff0000)]
  0x0000000021a1c800 JavaThread "Handler for socket connection from /127.0.0.1:65403 to /127.0.0.1:51003" [_thread_in_native, id=11740, stack(0x000000001cab0000,0x000000001cbb0000)]
  0x0000000021a1d000 JavaThread "Daemon Thread 2" [_thread_blocked, id=17852, stack(0x000000001c9b0000,0x000000001cab0000)]
  0x0000000021a19800 JavaThread "Memory manager" [_thread_blocked, id=5476, stack(0x000000002d7f0000,0x000000002d8f0000)]
  0x00000000218f4800 JavaThread "Cache worker for file content cache (C:\Users\Adnan Fahad Faizi\.gradle\caches\6.5\fileContent)" [_thread_blocked, id=8404, stack(0x00000000248d0000,0x00000000249d0000)]
  0x00000000218f1800 JavaThread "Cache worker for execution history cache (C:\Users\Adnan Fahad Faizi\.gradle\caches\6.5\executionHistory)" [_thread_blocked, id=9324, stack(0x00000000243d0000,0x00000000244d0000)]
  0x000000001a456800 JavaThread "Cache worker for file hash cache (C:\Users\Adnan Fahad Faizi\.gradle\caches\6.5\fileHashes)" [_thread_blocked, id=18144, stack(0x000000001ecc0000,0x000000001edc0000)]
  0x000000001a459800 JavaThread "File lock request listener" [_thread_in_native, id=5012, stack(0x000000001ebc0000,0x000000001ecc0000)]
  0x000000001b873800 JavaThread "Cache worker for journal cache (C:\Users\Adnan Fahad Faizi\.gradle\caches\journal-1)" [_thread_blocked, id=7092, stack(0x000000001eac0000,0x000000001ebc0000)]
  0x000000001c59e000 JavaThread "Daemon periodic checks" [_thread_blocked, id=12784, stack(0x000000001cdf0000,0x000000001cef0000)]
  0x000000001c5c1800 JavaThread "Incoming local TCP Connector on port 65403" [_thread_in_native, id=9780, stack(0x000000001cbb0000,0x000000001ccb0000)]
  0x000000001bc3d000 JavaThread "Daemon health stats" [_thread_blocked, id=6960, stack(0x0000000000a20000,0x0000000000b20000)]
  0x000000001a39f000 JavaThread "Service Thread" daemon [_thread_blocked, id=2824, stack(0x000000001afe0000,0x000000001b0e0000)]
  0x000000001a332000 JavaThread "C1 CompilerThread3" daemon [_thread_blocked, id=7428, stack(0x000000001aee0000,0x000000001afe0000)]
  0x000000001a31a800 JavaThread "C2 CompilerThread2" daemon [_thread_blocked, id=17724, stack(0x000000001ade0000,0x000000001aee0000)]
  0x000000001850e000 JavaThread "C2 CompilerThread1" daemon [_thread_blocked, id=16692, stack(0x000000001ace0000,0x000000001ade0000)]
=>0x000000001a315000 JavaThread "C2 CompilerThread0" daemon [_thread_in_native, id=18232, stack(0x000000001abe0000,0x000000001ace0000)]
  0x000000001a313800 JavaThread "Attach Listener" daemon [_thread_blocked, id=10340, stack(0x000000001aae0000,0x000000001abe0000)]
  0x000000001a312800 JavaThread "Signal Dispatcher" daemon [_thread_blocked, id=9864, stack(0x000000001a9e0000,0x000000001aae0000)]
  0x000000001a301800 JavaThread "Finalizer" daemon [_thread_blocked, id=16432, stack(0x000000001a7e0000,0x000000001a8e0000)]
  0x000000001a300800 JavaThread "Reference Handler" daemon [_thread_blocked, id=7104, stack(0x000000001a6e0000,0x000000001a7e0000)]
  0x000000000317e000 JavaThread "main" [_thread_blocked, id=8384, stack(0x0000000003290000,0x0000000003390000)]

Other Threads:
  0x00000000184f7800 VMThread [stack: 0x000000001a1e0000,0x000000001a2e0000] [id=18304]
  0x000000001a3a0000 WatcherThread [stack: 0x000000001b0e0000,0x000000001b1e0000] [id=17272]

VM state:not at safepoint (normal execution)

VM Mutex/Monitor currently owned by a thread: None

heap address: 0x0000000080000000, size: 2048 MB, Compressed Oops mode: 32-bit
Narrow klass base: 0x0000000000000000, Narrow klass shift: 3
Compressed class space size: 1073741824 Address: 0x0000000100000000

Heap:
 PSYoungGen      total 196608K, used 195434K [0x00000000d5580000, 0x00000000e2b00000, 0x0000000100000000)
  eden space 180736K, 99% used [0x00000000d5580000,0x00000000e0527c60,0x00000000e0600000)
  from space 15872K, 98% used [0x00000000e0b80000,0x00000000e1ab2f70,0x00000000e1b00000)
  to   space 16384K, 0% used [0x00000000e1b00000,0x00000000e1b00000,0x00000000e2b00000)
 ParOldGen       total 153600K, used 59900K [0x0000000080000000, 0x0000000089600000, 0x00000000d5580000)
  object space 153600K, 38% used [0x0000000080000000,0x0000000083a7f120,0x0000000089600000)
 Metaspace       used 92465K, capacity 97008K, committed 97112K, reserved 1132544K
  class space    used 12154K, capacity 13125K, committed 13184K, reserved 1048576K

Card table byte_map: [0x0000000012850000,0x0000000012c60000] byte_map_base: 0x0000000012450000

Marking Bits: (ParMarkBitMap*) 0x000000005e51f030
 Begin Bits: [0x0000000013710000, 0x0000000015710000)
 End Bits:   [0x0000000015710000, 0x0000000017710000)

Polling page: 0x0000000003150000

CodeCache: size=245760Kb used=37319Kb max_used=37334Kb free=208440Kb
 bounds [0x0000000003490000, 0x0000000005940000, 0x0000000012490000]
 total_blobs=11910 nmethods=10910 adapters=912
 compilation: enabled

Compilation events (10 events):
Event: 2273.836 Thread 0x000000001a332000 12693       1       java.util.logging.LogManager::access$1400 (5 bytes)
Event: 2273.837 Thread 0x000000001a332000 nmethod 12693 0x00000000058fd610 code [0x00000000058fd760, 0x00000000058fd850]
Event: 2273.840 Thread 0x000000001a332000 12694   !   3       java.lang.ThreadGroup::remove (94 bytes)
Event: 2273.842 Thread 0x000000001a332000 nmethod 12694 0x00000000058f6750 code [0x00000000058f6900, 0x00000000058f6fc8]
Event: 2273.842 Thread 0x000000001a332000 12695       3       org.gradle.api.internal.tasks.properties.bean.AbstractNestedRuntimeBeanNode$BeanPropertyValue::call (33 bytes)
Event: 2273.842 Thread 0x000000001a31a800 12696       4       java.io.ObjectOutputStream$BlockDataOutputStream::writeShort (47 bytes)
Event: 2273.843 Thread 0x000000001a332000 nmethod 12695 0x00000000058f5e50 code [0x00000000058f5fe0, 0x00000000058f6558]
Event: 2273.843 Thread 0x000000001a332000 12697       3       org.gradle.internal.resources.AbstractTrackedResourceLock::tryLock (69 bytes)
Event: 2273.844 Thread 0x000000001a332000 nmethod 12697 0x00000000058f9490 code [0x00000000058f9740, 0x00000000058fa9e8]
Event: 2273.844 Thread 0x000000001a31a800 nmethod 12696 0x00000000058f7850 code [0x00000000058f79a0, 0x00000000058f7ab8]

GC Heap History (10 events):
Event: 75.320 GC heap before
{Heap before GC invocations=14 (full 3):
 PSYoungGen      total 120320K, used 6903K [0x00000000d5580000, 0x00000000e0580000, 0x0000000100000000)
  eden space 102912K, 0% used [0x00000000d5580000,0x00000000d5580000,0x00000000dba00000)
  from space 17408K, 39% used [0x00000000dba00000,0x00000000dc0bdc28,0x00000000dcb00000)
  to   space 16896K, 0% used [0x00000000df500000,0x00000000df500000,0x00000000e0580000)
 ParOldGen       total 100864K, used 35379K [0x0000000080000000, 0x0000000086280000, 0x00000000d5580000)
  object space 100864K, 35% used [0x0000000080000000,0x000000008228cc78,0x0000000086280000)
 Metaspace       used 56536K, capacity 58936K, committed 59028K, reserved 1099776K
  class space    used 7417K, capacity 7895K, committed 7936K, reserved 1048576K
Event: 75.485 GC heap after
Heap after GC invocations=14 (full 3):
 PSYoungGen      total 120320K, used 0K [0x00000000d5580000, 0x00000000e0580000, 0x0000000100000000)
  eden space 102912K, 0% used [0x00000000d5580000,0x00000000d5580000,0x00000000dba00000)
  from space 17408K, 0% used [0x00000000dba00000,0x00000000dba00000,0x00000000dcb00000)
  to   space 16896K, 0% used [0x00000000df500000,0x00000000df500000,0x00000000e0580000)
 ParOldGen       total 153600K, used 39301K [0x0000000080000000, 0x0000000089600000, 0x00000000d5580000)
  object space 153600K, 25% used [0x0000000080000000,0x00000000826616d0,0x0000000089600000)
 Metaspace       used 56427K, capacity 58648K, committed 59028K, reserved 1099776K
  class space    used 7386K, capacity 7856K, committed 7936K, reserved 1048576K
}
Event: 76.681 GC heap before
{Heap before GC invocations=15 (full 3):
 PSYoungGen      total 120320K, used 102912K [0x00000000d5580000, 0x00000000e0580000, 0x0000000100000000)
  eden space 102912K, 100% used [0x00000000d5580000,0x00000000dba00000,0x00000000dba00000)
  from space 17408K, 0% used [0x00000000dba00000,0x00000000dba00000,0x00000000dcb00000)
  to   space 16896K, 0% used [0x00000000df500000,0x00000000df500000,0x00000000e0580000)
 ParOldGen       total 153600K, used 39301K [0x0000000080000000, 0x0000000089600000, 0x00000000d5580000)
  object space 153600K, 25% used [0x0000000080000000,0x00000000826616d0,0x0000000089600000)
 Metaspace       used 64115K, capacity 66778K, committed 67032K, reserved 1107968K
  class space    used 8622K, capacity 9146K, committed 9216K, reserved 1048576K
Event: 76.689 GC heap after
Heap after GC invocations=15 (full 3):
 PSYoungGen      total 149504K, used 10274K [0x00000000d5580000, 0x00000000dff80000, 0x0000000100000000)
  eden space 138752K, 0% used [0x00000000d5580000,0x00000000d5580000,0x00000000ddd00000)
  from space 10752K, 95% used [0x00000000df500000,0x00000000dff089d8,0x00000000dff80000)
  to   space 16384K, 0% used [0x00000000ddf80000,0x00000000ddf80000,0x00000000def80000)
 ParOldGen       total 153600K, used 39309K [0x0000000080000000, 0x0000000089600000, 0x00000000d5580000)
  object space 153600K, 25% used [0x0000000080000000,0x00000000826636d0,0x0000000089600000)
 Metaspace       used 64115K, capacity 66778K, committed 67032K, reserved 1107968K
  class space    used 8622K, capacity 9146K, committed 9216K, reserved 1048576K
}
Event: 77.955 GC heap before
{Heap before GC invocations=16 (full 3):
 PSYoungGen      total 149504K, used 149026K [0x00000000d5580000, 0x00000000dff80000, 0x0000000100000000)
  eden space 138752K, 100% used [0x00000000d5580000,0x00000000ddd00000,0x00000000ddd00000)
  from space 10752K, 95% used [0x00000000df500000,0x00000000dff089d8,0x00000000dff80000)
  to   space 16384K, 0% used [0x00000000ddf80000,0x00000000ddf80000,0x00000000def80000)
 ParOldGen       total 153600K, used 39309K [0x0000000080000000, 0x0000000089600000, 0x00000000d5580000)
  object space 153600K, 25% used [0x0000000080000000,0x00000000826636d0,0x0000000089600000)
 Metaspace       used 72057K, capacity 75032K, committed 75224K, reserved 1114112K
  class space    used 9820K, capacity 10391K, committed 10496K, reserved 1048576K
Event: 77.965 GC heap after
Heap after GC invocations=16 (full 3):
 PSYoungGen      total 157696K, used 12368K [0x00000000d5580000, 0x00000000e2d80000, 0x0000000100000000)
  eden space 141312K, 0% used [0x00000000d5580000,0x00000000d5580000,0x00000000ddf80000)
  from space 16384K, 75% used [0x00000000ddf80000,0x00000000deb941b0,0x00000000def80000)
  to   space 16896K, 0% used [0x00000000e1d00000,0x00000000e1d00000,0x00000000e2d80000)
 ParOldGen       total 153600K, used 43849K [0x0000000080000000, 0x0000000089600000, 0x00000000d5580000)
  object space 153600K, 28% used [0x0000000080000000,0x0000000082ad25d0,0x0000000089600000)
 Metaspace       used 72057K, capacity 75032K, committed 75224K, reserved 1114112K
  class space    used 9820K, capacity 10391K, committed 10496K, reserved 1048576K
}
Event: 82.803 GC heap before
{Heap before GC invocations=17 (full 3):
 PSYoungGen      total 157696K, used 153680K [0x00000000d5580000, 0x00000000e2d80000, 0x0000000100000000)
  eden space 141312K, 100% used [0x00000000d5580000,0x00000000ddf80000,0x00000000ddf80000)
  from space 16384K, 75% used [0x00000000ddf80000,0x00000000deb941b0,0x00000000def80000)
  to   space 16896K, 0% used [0x00000000e1d00000,0x00000000e1d00000,0x00000000e2d80000)
 ParOldGen       total 153600K, used 43849K [0x0000000080000000, 0x0000000089600000, 0x00000000d5580000)
  object space 153600K, 28% used [0x0000000080000000,0x0000000082ad25d0,0x0000000089600000)
 Metaspace       used 80354K, capacity 84296K, committed 84440K, reserved 1122304K
  class space    used 10925K, capacity 11721K, committed 11776K, reserved 1048576K
Event: 82.816 GC heap after
Heap after GC invocations=17 (full 3):
 PSYoungGen      total 203264K, used 13810K [0x00000000d5580000, 0x00000000e2f00000, 0x0000000100000000)
  eden space 186368K, 0% used [0x00000000d5580000,0x00000000d5580000,0x00000000e0b80000)
  from space 16896K, 81% used [0x00000000e1d00000,0x00000000e2a7cbc8,0x00000000e2d80000)
  to   space 17920K, 0% used [0x00000000e0b80000,0x00000000e0b80000,0x00000000e1d00000)
 ParOldGen       total 153600K, used 50966K [0x0000000080000000, 0x0000000089600000, 0x00000000d5580000)
  object space 153600K, 33% used [0x0000000080000000,0x00000000831c5810,0x0000000089600000)
 Metaspace       used 80354K, capacity 84296K, committed 84440K, reserved 1122304K
  class space    used 10925K, capacity 11721K, committed 11776K, reserved 1048576K
}
Event: 2267.084 GC heap before
{Heap before GC invocations=18 (full 3):
 PSYoungGen      total 203264K, used 200178K [0x00000000d5580000, 0x00000000e2f00000, 0x0000000100000000)
  eden space 186368K, 100% used [0x00000000d5580000,0x00000000e0b80000,0x00000000e0b80000)
  from space 16896K, 81% used [0x00000000e1d00000,0x00000000e2a7cbc8,0x00000000e2d80000)
  to   space 17920K, 0% used [0x00000000e0b80000,0x00000000e0b80000,0x00000000e1d00000)
 ParOldGen       total 153600K, used 50966K [0x0000000080000000, 0x0000000089600000, 0x00000000d5580000)
  object space 153600K, 33% used [0x0000000080000000,0x00000000831c5810,0x0000000089600000)
 Metaspace       used 88856K, capacity 93220K, committed 93400K, reserved 1130496K
  class space    used 11799K, capacity 12695K, committed 12800K, reserved 1048576K
Event: 2267.105 GC heap after
Heap after GC invocations=18 (full 3):
 PSYoungGen      total 196608K, used 15563K [0x00000000d5580000, 0x00000000e2b00000, 0x0000000100000000)
  eden space 180736K, 0% used [0x00000000d5580000,0x00000000d5580000,0x00000000e0600000)
  from space 15872K, 98% used [0x00000000e0b80000,0x00000000e1ab2f70,0x00000000e1b00000)
  to   space 16384K, 0% used [0x00000000e1b00000,0x00000000e1b00000,0x00000000e2b00000)
 ParOldGen       total 153600K, used 59900K [0x0000000080000000, 0x0000000089600000, 0x00000000d5580000)
  object space 153600K, 38% used [0x0000000080000000,0x0000000083a7f120,0x0000000089600000)
 Metaspace       used 88856K, capacity 93220K, committed 93400K, reserved 1130496K
  class space    used 11799K, capacity 12695K, committed 12800K, reserved 1048576K
}

Deoptimization events (10 events):
Event: 2272.868 Thread 0x0000000020d9b800 Uncommon trap: reason=bimorphic action=maybe_recompile pc=0x00000000055058b4 method=com.sun.org.apache.xerces.internal.dom.ParentNode.checkNormalizationAfterInsert(Lcom/sun/org/apache/xerces/internal/dom/ChildNode;)V @ 23
Event: 2272.871 Thread 0x0000000020d9b800 Uncommon trap: reason=unstable_if action=reinterpret pc=0x000000000584ac9c method=com.google.common.collect.AbstractMapBasedMultimap$WrappedCollection.refreshIfEmpty()V @ 45
Event: 2272.877 Thread 0x0000000020d9b800 Uncommon trap: reason=class_check action=maybe_recompile pc=0x000000000584e3f0 method=com.sun.org.apache.xerces.internal.dom.ElementImpl.getAttributes()Lorg/w3c/dom/NamedNodeMap; @ 8
Event: 2272.904 Thread 0x0000000020d9b800 Uncommon trap: reason=class_check action=maybe_recompile pc=0x000000000584e3f0 method=com.sun.org.apache.xerces.internal.dom.ElementImpl.getAttributes()Lorg/w3c/dom/NamedNodeMap; @ 8
Event: 2272.904 Thread 0x0000000020d9b800 Uncommon trap: reason=class_check action=maybe_recompile pc=0x000000000584e3f0 method=com.sun.org.apache.xerces.internal.dom.ElementImpl.getAttributes()Lorg/w3c/dom/NamedNodeMap; @ 8
Event: 2272.905 Thread 0x0000000020d9b800 Uncommon trap: reason=class_check action=maybe_recompile pc=0x000000000584e3f0 method=com.sun.org.apache.xerces.internal.dom.ElementImpl.getAttributes()Lorg/w3c/dom/NamedNodeMap; @ 8
Event: 2273.029 Thread 0x0000000020d9b800 Uncommon trap: reason=unstable_if action=reinterpret pc=0x000000000579121c method=com.android.utils.XmlUtils.toXmlAttributeValue(Ljava/lang/String;)Ljava/lang/String; @ 33
Event: 2273.076 Thread 0x0000000020d9b800 Uncommon trap: reason=class_check action=maybe_recompile pc=0x0000000004bf3844 method=java.io.Writer.append(Ljava/lang/CharSequence;)Ljava/io/Writer; @ 20
Event: 2273.230 Thread 0x0000000020d9b800 Uncommon trap: reason=array_check action=maybe_recompile pc=0x00000000045051f8 method=java.util.ComparableTimSort.binarySort([Ljava/lang/Object;III)V @ 193
Event: 2273.245 Thread 0x000000001c97a800 Uncommon trap: reason=unstable_if action=reinterpret pc=0x000000000570f338 method=java.io.ObjectInputStream$BlockDataInputStream.readUTFSpan(Ljava/lang/StringBuilder;J)J @ 35

Classes redefined (0 events):
No events

Internal exceptions (10 events):
Event: 2271.800 Thread 0x0000000020d9b800 Exception <a 'java/lang/NoSuchMethodError': <clinit>> (0x00000000db439778) thrown at [C:\src\AOSP-openjdk-git\hotspot\src\share\vm\prims\jni.cpp, line 1615]
Event: 2271.873 Thread 0x000000001c97a000 Exception <a 'java/io/FileNotFoundException'> (0x00000000dbb4eb60) thrown at [C:\src\AOSP-openjdk-git\hotspot\src\share\vm\prims\jni.cpp, line 710]
Event: 2271.955 Thread 0x000000001c971800 Exception <a 'java/io/FileNotFoundException'> (0x00000000dc06feb8) thrown at [C:\src\AOSP-openjdk-git\hotspot\src\share\vm\prims\jni.cpp, line 710]
Event: 2271.987 Thread 0x0000000020d9b800 Implicit null exception at 0x00000000057ad5a7 to 0x00000000057afab5
Event: 2273.231 Thread 0x0000000020d9b800 Exception <a 'java/lang/NoSuchMethodError': <clinit>> (0x00000000df76e790) thrown at [C:\src\AOSP-openjdk-git\hotspot\src\share\vm\prims\jni.cpp, line 1615]
Event: 2273.232 Thread 0x0000000020d9b800 Exception <a 'java/lang/NoSuchMethodError': <clinit>> (0x00000000df77ebb0) thrown at [C:\src\AOSP-openjdk-git\hotspot\src\share\vm\prims\jni.cpp, line 1615]
Event: 2273.233 Thread 0x0000000020d9b800 Exception <a 'java/lang/NoSuchMethodError': <clinit>> (0x00000000df7923d0) thrown at [C:\src\AOSP-openjdk-git\hotspot\src\share\vm\prims\jni.cpp, line 1615]
Event: 2273.841 Thread 0x000000001c97f000 Exception <a 'java/io/IOException'> (0x00000000e0103db8) thrown at [C:\src\AOSP-openjdk-git\hotspot\src\share\vm\prims\jni.cpp, line 710]
Event: 2273.841 Thread 0x000000001c972800 Exception <a 'java/io/IOException'> (0x00000000e047fd68) thrown at [C:\src\AOSP-openjdk-git\hotspot\src\share\vm\prims\jni.cpp, line 710]
Event: 2273.841 Thread 0x000000001c975800 Exception <a 'java/io/IOException'> (0x00000000e03407e8) thrown at [C:\src\AOSP-openjdk-git\hotspot\src\share\vm\prims\jni.cpp, line 710]

Events (10 events):
Event: 2273.839 Executing VM operation: RevokeBias
Event: 2273.839 Executing VM operation: RevokeBias done
Event: 2273.839 Thread 0x0000000021c40000 Thread exited: 0x0000000021c40000
Event: 2273.839 Thread 0x0000000021c46000 Thread exited: 0x0000000021c46000
Event: 2273.840 Executing VM operation: RevokeBias
Event: 2273.840 Executing VM operation: RevokeBias done
Event: 2273.840 Executing VM operation: RevokeBias
Event: 2273.841 Executing VM operation: RevokeBias done
Event: 2273.841 Thread 0x0000000021c44800 Thread exited: 0x0000000021c44800
Event: 2273.841 Thread 0x0000000021c41800 Thread exited: 0x0000000021c41800


Dynamic libraries:
0x00007ff696e70000 - 0x00007ff696ea1000 	C:\Program Files\Android\Android Studio\jre\bin\java.exe
0x00007ffec0d10000 - 0x00007ffec0f05000 	C:\WINDOWS\SYSTEM32\ntdll.dll
0x00007ffebf4c0000 - 0x00007ffebf57d000 	C:\WINDOWS\System32\KERNEL32.DLL
0x00007ffebe780000 - 0x00007ffebea49000 	C:\WINDOWS\System32\KERNELBASE.dll
0x00007ffec0b50000 - 0x00007ffec0bfc000 	C:\WINDOWS\System32\ADVAPI32.dll
0x00007ffebf700000 - 0x00007ffebf79e000 	C:\WINDOWS\System32\msvcrt.dll
0x00007ffebedd0000 - 0x00007ffebee6c000 	C:\WINDOWS\System32\sechost.dll
0x00007ffebf1d0000 - 0x00007ffebf2fb000 	C:\WINDOWS\System32\RPCRT4.dll
0x00007ffebfb00000 - 0x00007ffebfca0000 	C:\WINDOWS\System32\USER32.dll
0x00007ffebe750000 - 0x00007ffebe772000 	C:\WINDOWS\System32\win32u.dll
0x00007ffebf7a0000 - 0x00007ffebf7ca000 	C:\WINDOWS\System32\GDI32.dll
0x00007ffebead0000 - 0x00007ffebebdb000 	C:\WINDOWS\System32\gdi32full.dll
0x00007ffebe6b0000 - 0x00007ffebe74d000 	C:\WINDOWS\System32\msvcp_win.dll
0x00007ffebe450000 - 0x00007ffebe550000 	C:\WINDOWS\System32\ucrtbase.dll
0x00007ffe9cdf0000 - 0x00007ffe9d08a000 	C:\WINDOWS\WinSxS\amd64_microsoft.windows.common-controls_6595b64144ccf1df_6.0.19041.844_none_ca00b6081b84eb1d\COMCTL32.dll
0x00007ffebf3b0000 - 0x00007ffebf3e0000 	C:\WINDOWS\System32\IMM32.DLL
0x00007ffea6260000 - 0x00007ffea6456000 	C:\WINDOWS\system32\tmumh\20019\AddOn\8.55.0.1043\TmUmEvt64.dll
0x00007ffebf300000 - 0x00007ffebf308000 	C:\WINDOWS\System32\PSAPI.DLL
0x000000005f740000 - 0x000000005f8b9000 	C:\WINDOWS\system32\tmumh\20019\TmMon\2.9.0.1020\tmmon64.dll
0x00007ffebfa40000 - 0x00007ffebfa95000 	C:\WINDOWS\System32\SHLWAPI.dll
0x000000005d200000 - 0x000000005d2d2000 	C:\Program Files\Android\Android Studio\jre\jre\bin\msvcr100.dll
0x000000005dd50000 - 0x000000005e59b000 	C:\Program Files\Android\Android Studio\jre\jre\bin\server\jvm.dll
0x00007ffe74190000 - 0x00007ffe74199000 	C:\WINDOWS\SYSTEM32\WSOCK32.dll
0x00007ffebf690000 - 0x00007ffebf6fb000 	C:\WINDOWS\System32\WS2_32.dll
0x00007ffe9cc40000 - 0x00007ffe9cc67000 	C:\WINDOWS\SYSTEM32\WINMM.dll
0x00007ffeb4630000 - 0x00007ffeb463a000 	C:\WINDOWS\SYSTEM32\VERSION.dll
0x00007ffebb980000 - 0x00007ffebb98f000 	C:\Program Files\Android\Android Studio\jre\jre\bin\verify.dll
0x00007ffeac130000 - 0x00007ffeac159000 	C:\Program Files\Android\Android Studio\jre\jre\bin\java.dll
0x00007ffeb3dc0000 - 0x00007ffeb3dd6000 	C:\Program Files\Android\Android Studio\jre\jre\bin\zip.dll
0x00007ffebfe60000 - 0x00007ffec05a2000 	C:\WINDOWS\System32\SHELL32.dll
0x00007ffebc5b0000 - 0x00007ffebcd40000 	C:\WINDOWS\SYSTEM32\windows.storage.dll
0x00007ffebee70000 - 0x00007ffebf1c5000 	C:\WINDOWS\System32\combase.dll
0x00007ffebdec0000 - 0x00007ffebdeec000 	C:\WINDOWS\SYSTEM32\Wldp.dll
0x00007ffebf990000 - 0x00007ffebfa3e000 	C:\WINDOWS\System32\SHCORE.dll
0x00007ffebe390000 - 0x00007ffebe3af000 	C:\WINDOWS\SYSTEM32\profapi.dll
0x00007ffeb3520000 - 0x00007ffeb353a000 	C:\Program Files\Android\Android Studio\jre\jre\bin\net.dll
0x00007ffebdc40000 - 0x00007ffebdcaa000 	C:\WINDOWS\system32\mswsock.dll
0x00007ffeaa8a0000 - 0x00007ffeaa8b3000 	C:\Program Files\Android\Android Studio\jre\jre\bin\nio.dll
0x00007ffea7750000 - 0x00007ffea7777000 	C:\Users\Adnan Fahad Faizi\.gradle\native\f6784746aeab05261644944871eae4fe03e0ef1612fff0a4a95f87b438bc6780\windows-amd64\native-platform.dll
0x00007ffeb8dd0000 - 0x00007ffeb8ddd000 	C:\Program Files\Android\Android Studio\jre\jre\bin\management.dll
0x00007ffebde10000 - 0x00007ffebde28000 	C:\WINDOWS\SYSTEM32\CRYPTSP.dll
0x00007ffebd570000 - 0x00007ffebd5a4000 	C:\WINDOWS\system32\rsaenh.dll
0x00007ffebebe0000 - 0x00007ffebec07000 	C:\WINDOWS\System32\bcrypt.dll
0x00007ffebe350000 - 0x00007ffebe37e000 	C:\WINDOWS\SYSTEM32\USERENV.dll
0x00007ffebea50000 - 0x00007ffebead0000 	C:\WINDOWS\System32\bcryptprimitives.dll
0x00007ffebde30000 - 0x00007ffebde3c000 	C:\WINDOWS\SYSTEM32\CRYPTBASE.dll
0x00007ffebd8e0000 - 0x00007ffebd91b000 	C:\WINDOWS\SYSTEM32\IPHLPAPI.DLL
0x00007ffebfca0000 - 0x00007ffebfca8000 	C:\WINDOWS\System32\NSI.dll
0x00007ffeb54c0000 - 0x00007ffeb54d7000 	C:\WINDOWS\SYSTEM32\dhcpcsvc6.DLL
0x00007ffeb5da0000 - 0x00007ffeb5dbd000 	C:\WINDOWS\SYSTEM32\dhcpcsvc.DLL
0x00007ffebd920000 - 0x00007ffebd9eb000 	C:\WINDOWS\SYSTEM32\DNSAPI.dll
0x00007ffeb9500000 - 0x00007ffeb950b000 	C:\WINDOWS\SYSTEM32\WINNSI.DLL
0x00007ffea93a0000 - 0x00007ffea93c4000 	C:\Program Files\Android\Android Studio\jre\jre\bin\sunec.dll
0x00007ffeb65c0000 - 0x00007ffeb65ca000 	C:\Windows\System32\rasadhlp.dll
0x00007ffeb45b0000 - 0x00007ffeb462f000 	C:\WINDOWS\System32\fwpuclnt.dll
0x00007ffeb8da0000 - 0x00007ffeb8dab000 	C:\Program Files\Android\Android Studio\jre\jre\bin\sunmscapi.dll
0x00007ffebec10000 - 0x00007ffebed6f000 	C:\WINDOWS\System32\CRYPT32.dll
0x00007ffe75350000 - 0x00007ffe754ec000 	C:\Program Files\Android\Android Studio\jre\jre\bin\awt.dll
0x00007ffec0c00000 - 0x00007ffec0ccd000 	C:\WINDOWS\System32\OLEAUT32.dll
0x00007ffebc280000 - 0x00007ffebc2af000 	C:\WINDOWS\SYSTEM32\dwmapi.dll
0x00007ffeba5b0000 - 0x00007ffebab70000 	C:\WINDOWS\SYSTEM32\d2d1.dll
0x00007ffebba10000 - 0x00007ffebbaa0000 	C:\WINDOWS\SYSTEM32\apphelp.dll
0x00007ffebbdf0000 - 0x00007ffebbe8e000 	C:\WINDOWS\system32\uxtheme.dll

VM Arguments:
jvm_args: -Xmx2048m -Dfile.encoding=UTF-8 -Duser.country=CA -Duser.language=en -Duser.variant 
java_command: org.gradle.launcher.daemon.bootstrap.GradleDaemon 6.5
java_class_path (initial): C:\Users\Adnan Fahad Faizi\.gradle\wrapper\dists\gradle-6.5-bin\6nifqtx7604sqp1q6g8wikw7p\gradle-6.5\lib\gradle-launcher-6.5.jar
Launcher Type: SUN_STANDARD

Environment Variables:
PATH=C:\WINDOWS\system32;C:\WINDOWS;C:\WINDOWS\System32\Wbem;C:\WINDOWS\System32\WindowsPowerShell\v1.0\;C:\WINDOWS\System32\OpenSSH\;C:\Program Files\Git\cmd;C:\Users\Adnan Fahad Faizi\AppData\Local\Microsoft\WindowsApps;C:\Users\Adnan Fahad Faizi\AppData\Local\GitHubDesktop\bin;
USERNAME=Adnan Fahad Faizi
OS=Windows_NT
PROCESSOR_IDENTIFIER=Intel64 Family 6 Model 126 Stepping 5, GenuineIntel



---------------  S Y S T E M  ---------------

OS: Windows 10.0 , 64 bit Build 19041 (10.0.19041.804)

CPU:total 8 (initial active 8) (4 cores per cpu, 2 threads per core) family 6 model 126 stepping 5, cmov, cx8, fxsr, mmx, sse, sse2, sse3, ssse3, sse4.1, sse4.2, popcnt, avx, avx2, aes, clmul, erms, 3dnowpref, lzcnt, ht, tsc, tscinvbit, bmi1, bmi2, adx

Memory: 4k page, physical 16541348k(1580860k free), swap 16541348k(9592k free)

vm_info: OpenJDK 64-Bit Server VM (25.242-b01) for windows-amd64 JRE (1.8.0_242-release-1644-b01), built by "builder" with MS VC++ 10.0 (VS2010)

time: Mon Apr 05 20:14:39 2021
timezone: Eastern Daylight Time
elapsed time: 2273 seconds (0d 0h 37m 53s)

